Analysis & Synthesis report for lab1
Wed May 05 09:19:57 2021
Quartus Prime Version 16.1.0 Build 196 10/24/2016 SJ Lite Edition


---------------------
; Table of Contents ;
---------------------
  1. Legal Notice
  2. Analysis & Synthesis Summary
  3. Analysis & Synthesis Settings
  4. Parallel Compilation
  5. Analysis & Synthesis Source Files Read
  6. Analysis & Synthesis Resource Usage Summary
  7. Analysis & Synthesis Resource Utilization by Entity
  8. User-Specified and Inferred Latches
  9. General Register Statistics
 10. Inverted Register Statistics
 11. Multiplexer Restructuring Statistics (Restructuring Performed)
 12. Port Connectivity Checks: "bound_flasher:comb_5"
 13. Post-Synthesis Netlist Statistics for Top Partition
 14. Elapsed Time Per Partition
 15. Analysis & Synthesis Messages
 16. Analysis & Synthesis Suppressed Messages



----------------
; Legal Notice ;
----------------
Copyright (C) 2016  Intel Corporation. All rights reserved.
Your use of Intel Corporation's design tools, logic functions 
and other software and tools, and its AMPP partner logic 
functions, and any output files from any of the foregoing 
(including device programming or simulation files), and any 
associated documentation or information are expressly subject 
to the terms and conditions of the Intel Program License 
Subscription Agreement, the Intel Quartus Prime License Agreement,
the Intel MegaCore Function License Agreement, or other 
applicable license agreement, including, without limitation, 
that your use is for the sole purpose of programming logic 
devices manufactured by Intel and sold by Intel or its 
authorized distributors.  Please refer to the applicable 
agreement for further details.



+----------------------------------------------------------------------------------+
; Analysis & Synthesis Summary                                                     ;
+------------------------------------+---------------------------------------------+
; Analysis & Synthesis Status        ; Successful - Wed May 05 09:19:57 2021       ;
; Quartus Prime Version              ; 16.1.0 Build 196 10/24/2016 SJ Lite Edition ;
; Revision Name                      ; lab1                                        ;
; Top-level Entity Name              ; DE2i_run                                    ;
; Family                             ; Cyclone IV GX                               ;
; Total logic elements               ; 97                                          ;
;     Total combinational functions  ; 96                                          ;
;     Dedicated logic registers      ; 54                                          ;
; Total registers                    ; 54                                          ;
; Total pins                         ; 21                                          ;
; Total virtual pins                 ; 0                                           ;
; Total memory bits                  ; 0                                           ;
; Embedded Multiplier 9-bit elements ; 0                                           ;
; Total GXB Receiver Channel PCS     ; 0                                           ;
; Total GXB Receiver Channel PMA     ; 0                                           ;
; Total GXB Transmitter Channel PCS  ; 0                                           ;
; Total GXB Transmitter Channel PMA  ; 0                                           ;
; Total PLLs                         ; 0                                           ;
+------------------------------------+---------------------------------------------+


+----------------------------------------------------------------------------------------------------------------------+
; Analysis & Synthesis Settings                                                                                        ;
+----------------------------------------------------------------------------+--------------------+--------------------+
; Option                                                                     ; Setting            ; Default Value      ;
+----------------------------------------------------------------------------+--------------------+--------------------+
; Device                                                                     ; EP4CGX150DF31C7    ;                    ;
; Top-level entity name                                                      ; DE2i_run           ; lab1               ;
; Family name                                                                ; Cyclone IV GX      ; Cyclone V          ;
; Use smart compilation                                                      ; Off                ; Off                ;
; Enable parallel Assembler and TimeQuest Timing Analyzer during compilation ; On                 ; On                 ;
; Enable compact report table                                                ; Off                ; Off                ;
; Restructure Multiplexers                                                   ; Auto               ; Auto               ;
; Create Debugging Nodes for IP Cores                                        ; Off                ; Off                ;
; Preserve fewer node names                                                  ; On                 ; On                 ;
; OpenCore Plus hardware evaluation                                          ; Enable             ; Enable             ;
; Verilog Version                                                            ; Verilog_2001       ; Verilog_2001       ;
; VHDL Version                                                               ; VHDL_1993          ; VHDL_1993          ;
; State Machine Processing                                                   ; Auto               ; Auto               ;
; Safe State Machine                                                         ; Off                ; Off                ;
; Extract Verilog State Machines                                             ; On                 ; On                 ;
; Extract VHDL State Machines                                                ; On                 ; On                 ;
; Ignore Verilog initial constructs                                          ; Off                ; Off                ;
; Iteration limit for constant Verilog loops                                 ; 5000               ; 5000               ;
; Iteration limit for non-constant Verilog loops                             ; 250                ; 250                ;
; Add Pass-Through Logic to Inferred RAMs                                    ; On                 ; On                 ;
; Infer RAMs from Raw Logic                                                  ; On                 ; On                 ;
; Parallel Synthesis                                                         ; On                 ; On                 ;
; DSP Block Balancing                                                        ; Auto               ; Auto               ;
; NOT Gate Push-Back                                                         ; On                 ; On                 ;
; Power-Up Don't Care                                                        ; On                 ; On                 ;
; Remove Redundant Logic Cells                                               ; Off                ; Off                ;
; Remove Duplicate Registers                                                 ; On                 ; On                 ;
; Ignore CARRY Buffers                                                       ; Off                ; Off                ;
; Ignore CASCADE Buffers                                                     ; Off                ; Off                ;
; Ignore GLOBAL Buffers                                                      ; Off                ; Off                ;
; Ignore ROW GLOBAL Buffers                                                  ; Off                ; Off                ;
; Ignore LCELL Buffers                                                       ; Off                ; Off                ;
; Ignore SOFT Buffers                                                        ; On                 ; On                 ;
; Limit AHDL Integers to 32 Bits                                             ; Off                ; Off                ;
; Optimization Technique                                                     ; Balanced           ; Balanced           ;
; Carry Chain Length                                                         ; 70                 ; 70                 ;
; Auto Carry Chains                                                          ; On                 ; On                 ;
; Auto Open-Drain Pins                                                       ; On                 ; On                 ;
; Perform WYSIWYG Primitive Resynthesis                                      ; Off                ; Off                ;
; Auto ROM Replacement                                                       ; On                 ; On                 ;
; Auto RAM Replacement                                                       ; On                 ; On                 ;
; Auto DSP Block Replacement                                                 ; On                 ; On                 ;
; Auto Shift Register Replacement                                            ; Auto               ; Auto               ;
; Allow Shift Register Merging across Hierarchies                            ; Auto               ; Auto               ;
; Auto Clock Enable Replacement                                              ; On                 ; On                 ;
; Strict RAM Replacement                                                     ; Off                ; Off                ;
; Allow Synchronous Control Signals                                          ; On                 ; On                 ;
; Force Use of Synchronous Clear Signals                                     ; Off                ; Off                ;
; Auto RAM Block Balancing                                                   ; On                 ; On                 ;
; Auto RAM to Logic Cell Conversion                                          ; Off                ; Off                ;
; Auto Resource Sharing                                                      ; Off                ; Off                ;
; Allow Any RAM Size For Recognition                                         ; Off                ; Off                ;
; Allow Any ROM Size For Recognition                                         ; Off                ; Off                ;
; Allow Any Shift Register Size For Recognition                              ; Off                ; Off                ;
; Use LogicLock Constraints during Resource Balancing                        ; On                 ; On                 ;
; Ignore translate_off and synthesis_off directives                          ; Off                ; Off                ;
; Timing-Driven Synthesis                                                    ; On                 ; On                 ;
; Report Parameter Settings                                                  ; On                 ; On                 ;
; Report Source Assignments                                                  ; On                 ; On                 ;
; Report Connectivity Checks                                                 ; On                 ; On                 ;
; Ignore Maximum Fan-Out Assignments                                         ; Off                ; Off                ;
; Synchronization Register Chain Length                                      ; 2                  ; 2                  ;
; PowerPlay Power Optimization During Synthesis                              ; Normal compilation ; Normal compilation ;
; HDL message level                                                          ; Level2             ; Level2             ;
; Suppress Register Optimization Related Messages                            ; Off                ; Off                ;
; Number of Removed Registers Reported in Synthesis Report                   ; 5000               ; 5000               ;
; Number of Swept Nodes Reported in Synthesis Report                         ; 5000               ; 5000               ;
; Number of Inverted Registers Reported in Synthesis Report                  ; 100                ; 100                ;
; Clock MUX Protection                                                       ; On                 ; On                 ;
; Auto Gated Clock Conversion                                                ; Off                ; Off                ;
; Block Design Naming                                                        ; Auto               ; Auto               ;
; SDC constraint protection                                                  ; Off                ; Off                ;
; Synthesis Effort                                                           ; Auto               ; Auto               ;
; Shift Register Replacement - Allow Asynchronous Clear Signal               ; On                 ; On                 ;
; Pre-Mapping Resynthesis Optimization                                       ; Off                ; Off                ;
; Analysis & Synthesis Message Level                                         ; Medium             ; Medium             ;
; Disable Register Merging Across Hierarchies                                ; Auto               ; Auto               ;
; Resource Aware Inference For Block RAM                                     ; On                 ; On                 ;
+----------------------------------------------------------------------------+--------------------+--------------------+


+------------------------------------------+
; Parallel Compilation                     ;
+----------------------------+-------------+
; Processors                 ; Number      ;
+----------------------------+-------------+
; Number detected on machine ; 8           ;
; Maximum allowed            ; 4           ;
;                            ;             ;
; Average used               ; 1.00        ;
; Maximum used               ; 4           ;
;                            ;             ;
; Usage by Processor         ; % Time Used ;
;     Processor 1            ; 100.0%      ;
;     Processor 2            ;   0.0%      ;
;     Processors 3-4         ;   0.0%      ;
+----------------------------+-------------+


+-----------------------------------------------------------------------------------------------------------------------------------+
; Analysis & Synthesis Source Files Read                                                                                            ;
+----------------------------------+-----------------+------------------------+-------------------------------------------+---------+
; File Name with User-Entered Path ; Used in Netlist ; File Type              ; File Name with Absolute Path              ; Library ;
+----------------------------------+-----------------+------------------------+-------------------------------------------+---------+
; shifter.v                        ; yes             ; User Verilog HDL File  ; D:/Quang/202/Verilog/lab1/shifter.v       ;         ;
; processor.v                      ; yes             ; User Verilog HDL File  ; D:/Quang/202/Verilog/lab1/processor.v     ;         ;
; bound_flasher.v                  ; yes             ; User Verilog HDL File  ; D:/Quang/202/Verilog/lab1/bound_flasher.v ;         ;
; DE2i_run.v                       ; yes             ; User Verilog HDL File  ; D:/Quang/202/Verilog/lab1/DE2i_run.v      ;         ;
; clock_div.v                      ; yes             ; User Verilog HDL File  ; D:/Quang/202/Verilog/lab1/clock_div.v     ;         ;
+----------------------------------+-----------------+------------------------+-------------------------------------------+---------+


+---------------------------------------------+
; Analysis & Synthesis Resource Usage Summary ;
+--------------------------+------------------+
; Resource                 ; Usage            ;
+--------------------------+------------------+
; I/O pins                 ; 21               ;
;                          ;                  ;
; DSP block 9-bit elements ; 0                ;
;                          ;                  ;
; Maximum fan-out node     ; CLOCK_50~input   ;
; Maximum fan-out          ; 32               ;
; Total fan-out            ; 425              ;
; Average fan-out          ; 2.21             ;
+--------------------------+------------------+


+------------------------------------------------------------------------------------------------------------------------------------------------------------------------------------------------------------------------------------------------+
; Analysis & Synthesis Resource Utilization by Entity                                                                                                                                                                                            ;
+----------------------------+---------------------+---------------------------+-------------+--------------+---------+-----------+-----------+------+--------------+---------------------------------------------+---------------+--------------+
; Compilation Hierarchy Node ; Combinational ALUTs ; Dedicated Logic Registers ; Memory Bits ; DSP Elements ; DSP 9x9 ; DSP 18x18 ; DSP 36x36 ; Pins ; Virtual Pins ; Full Hierarchy Name                         ; Entity Name   ; Library Name ;
+----------------------------+---------------------+---------------------------+-------------+--------------+---------+-----------+-----------+------+--------------+---------------------------------------------+---------------+--------------+
; |DE2i_run                  ; 96 (0)              ; 54 (0)                    ; 0           ; 0            ; 0       ; 0         ; 0         ; 21   ; 0            ; |DE2i_run                                   ; DE2i_run      ; work         ;
;    |bound_flasher:comb_5|  ; 42 (0)              ; 22 (0)                    ; 0           ; 0            ; 0       ; 0         ; 0         ; 0    ; 0            ; |DE2i_run|bound_flasher:comb_5              ; bound_flasher ; work         ;
;       |processor:p0|       ; 21 (21)             ; 1 (1)                     ; 0           ; 0            ; 0       ; 0         ; 0         ; 0    ; 0            ; |DE2i_run|bound_flasher:comb_5|processor:p0 ; processor     ; work         ;
;       |shifter:s0|         ; 21 (21)             ; 21 (21)                   ; 0           ; 0            ; 0       ; 0         ; 0         ; 0    ; 0            ; |DE2i_run|bound_flasher:comb_5|shifter:s0   ; shifter       ; work         ;
;    |clock_div:clk1|        ; 54 (54)             ; 32 (32)                   ; 0           ; 0            ; 0       ; 0         ; 0         ; 0    ; 0            ; |DE2i_run|clock_div:clk1                    ; clock_div     ; work         ;
+----------------------------+---------------------+---------------------------+-------------+--------------+---------+-----------+-----------+------+--------------+---------------------------------------------+---------------+--------------+
Note: For table entries with two numbers listed, the numbers in parentheses indicate the number of resources of the given type used by the specific entity alone. The numbers listed outside of parentheses indicate the total resources of the given type used by the specific entity and all of its sub-entities in the hierarchy.


+-------------------------------------------------------------------------------------------------------------------------------+
; User-Specified and Inferred Latches                                                                                           ;
+----------------------------------------------------+-------------------------------------------------+------------------------+
; Latch Name                                         ; Latch Enable Signal                             ; Free of Timing Hazards ;
+----------------------------------------------------+-------------------------------------------------+------------------------+
; bound_flasher:comb_5|processor:p0|increase         ; bound_flasher:comb_5|processor:p0|increase      ; yes                    ;
; bound_flasher:comb_5|processor:p0|state.01         ; bound_flasher:comb_5|processor:p0|next_state.00 ; yes                    ;
; bound_flasher:comb_5|processor:p0|state.10         ; bound_flasher:comb_5|processor:p0|next_state.00 ; yes                    ;
; bound_flasher:comb_5|processor:p0|state.00         ; bound_flasher:comb_5|processor:p0|next_state.00 ; yes                    ;
; bound_flasher:comb_5|processor:p0|isEnd            ; bound_flasher:comb_5|processor:p0|isEnd         ; yes                    ;
; Number of user-specified and inferred latches = 5  ;                                                 ;                        ;
+----------------------------------------------------+-------------------------------------------------+------------------------+
Note: All latches listed above may not be present at the end of synthesis due to various synthesis optimizations.


+------------------------------------------------------+
; General Register Statistics                          ;
+----------------------------------------------+-------+
; Statistic                                    ; Value ;
+----------------------------------------------+-------+
; Total registers                              ; 54    ;
; Number of registers using Synchronous Clear  ; 21    ;
; Number of registers using Synchronous Load   ; 0     ;
; Number of registers using Asynchronous Clear ; 1     ;
; Number of registers using Asynchronous Load  ; 0     ;
; Number of registers using Clock Enable       ; 0     ;
; Number of registers using Preset             ; 0     ;
+----------------------------------------------+-------+


+----------------------------------------------------+
; Inverted Register Statistics                       ;
+------------------------------------------+---------+
; Inverted Register                        ; Fan out ;
+------------------------------------------+---------+
; bound_flasher:comb_5|processor:p0|enable ; 21      ;
; Total number of inverted registers = 1   ;         ;
+------------------------------------------+---------+


+-------------------------------------------------------------------------------------------------------------------------------------------------------------------------+
; Multiplexer Restructuring Statistics (Restructuring Performed)                                                                                                          ;
+--------------------+-----------+---------------+----------------------+------------------------+------------+-----------------------------------------------------------+
; Multiplexer Inputs ; Bus Width ; Baseline Area ; Area if Restructured ; Saving if Restructured ; Registered ; Example Multiplexer Output                                ;
+--------------------+-----------+---------------+----------------------+------------------------+------------+-----------------------------------------------------------+
; 3:1                ; 14 bits   ; 28 LEs        ; 28 LEs               ; 0 LEs                  ; Yes        ; |DE2i_run|bound_flasher:comb_5|shifter:s0|out[9]          ;
; 3:1                ; 3 bits    ; 6 LEs         ; 3 LEs                ; 3 LEs                  ; No         ; |DE2i_run|bound_flasher:comb_5|processor:p0|next_state.10 ;
+--------------------+-----------+---------------+----------------------+------------------------+------------+-----------------------------------------------------------+


+----------------------------------------------------------------------------------------------------------------------------------------------------------+
; Port Connectivity Checks: "bound_flasher:comb_5"                                                                                                         ;
+---------+--------+----------+----------------------------------------------------------------------------------------------------------------------------+
; Port    ; Type   ; Severity ; Details                                                                                                                    ;
+---------+--------+----------+----------------------------------------------------------------------------------------------------------------------------+
; max     ; Output ; Warning  ; Output or bidir port (5 bits) is wider than the port expression (1 bits) it drives; bit(s) "max[4..1]" have no fanouts     ;
; max     ; Output ; Info     ; Connected to dangling logic. Logic that only feeds a dangling port will be removed.                                        ;
; min     ; Output ; Warning  ; Output or bidir port (5 bits) is wider than the port expression (1 bits) it drives; bit(s) "min[4..1]" have no fanouts     ;
; min     ; Output ; Info     ; Connected to dangling logic. Logic that only feeds a dangling port will be removed.                                        ;
; isFlick ; Output ; Warning  ; Output or bidir port (2 bits) is wider than the port expression (1 bits) it drives; bit(s) "isFlick[1..1]" have no fanouts ;
; isFlick ; Output ; Info     ; Connected to dangling logic. Logic that only feeds a dangling port will be removed.                                        ;
+---------+--------+----------+----------------------------------------------------------------------------------------------------------------------------+


+-----------------------------------------------------+
; Post-Synthesis Netlist Statistics for Top Partition ;
+-----------------------+-----------------------------+
; Type                  ; Count                       ;
+-----------------------+-----------------------------+
; boundary_port         ; 21                          ;
; cycloneiii_ff         ; 54                          ;
;     CLR               ; 1                           ;
;     SCLR              ; 21                          ;
;     plain             ; 32                          ;
; cycloneiii_lcell_comb ; 96                          ;
;     arith             ; 34                          ;
;         2 data inputs ; 31                          ;
;         3 data inputs ; 3                           ;
;     normal            ; 62                          ;
;         1 data inputs ; 1                           ;
;         2 data inputs ; 17                          ;
;         3 data inputs ; 25                          ;
;         4 data inputs ; 19                          ;
;                       ;                             ;
; Max LUT depth         ; 5.00                        ;
; Average LUT depth     ; 3.18                        ;
+-----------------------+-----------------------------+


+-------------------------------+
; Elapsed Time Per Partition    ;
+----------------+--------------+
; Partition Name ; Elapsed Time ;
+----------------+--------------+
; Top            ; 00:00:00     ;
+----------------+--------------+


+-------------------------------+
; Analysis & Synthesis Messages ;
+-------------------------------+
Info: *******************************************************************
Info: Running Quartus Prime Analysis & Synthesis
    Info: Version 16.1.0 Build 196 10/24/2016 SJ Lite Edition
    Info: Processing started: Wed May 05 09:19:50 2021
Info: Command: quartus_map --read_settings_files=on --write_settings_files=off lab1 -c lab1
Warning (18236): Number of processors has not been specified which may cause overloading on shared machines.  Set the global assignment NUM_PARALLEL_PROCESSORS in your QSF to an appropriate value for best performance.
Info (20030): Parallel compilation is enabled and will use 4 of the 4 processors detected
Info (12021): Found 1 design units, including 1 entities, in source file shifter.v
    Info (12023): Found entity 1: shifter File: D:/Quang/202/Verilog/lab1/shifter.v Line: 1
Info (12021): Found 1 design units, including 1 entities, in source file t_shifter.v
    Info (12023): Found entity 1: t_shifter File: D:/Quang/202/Verilog/lab1/t_shifter.v Line: 1
Info (12021): Found 1 design units, including 1 entities, in source file processor.v
    Info (12023): Found entity 1: processor File: D:/Quang/202/Verilog/lab1/processor.v Line: 1
Info (12021): Found 1 design units, including 1 entities, in source file bound_flasher.v
    Info (12023): Found entity 1: bound_flasher File: D:/Quang/202/Verilog/lab1/bound_flasher.v Line: 1
Info (12021): Found 1 design units, including 1 entities, in source file t_bound_flasher.v
    Info (12023): Found entity 1: t_bound_flasher File: D:/Quang/202/Verilog/lab1/t_bound_flasher.v Line: 1
Info (12021): Found 1 design units, including 1 entities, in source file t_processor.v
    Info (12023): Found entity 1: t_processor File: D:/Quang/202/Verilog/lab1/t_processor.v Line: 1
Info (12021): Found 1 design units, including 1 entities, in source file de2i_run.v
    Info (12023): Found entity 1: DE2i_run File: D:/Quang/202/Verilog/lab1/DE2i_run.v Line: 1
Info (12021): Found 1 design units, including 1 entities, in source file clock_div.v
    Info (12023): Found entity 1: clock_div File: D:/Quang/202/Verilog/lab1/clock_div.v Line: 1
Critical Warning (10846): Verilog HDL Instantiation warning at DE2i_run.v(13): instance has no name File: D:/Quang/202/Verilog/lab1/DE2i_run.v Line: 13
Info (12127): Elaborating entity "DE2i_run" for the top level hierarchy
Info (12128): Elaborating entity "clock_div" for hierarchy "clock_div:clk1" File: D:/Quang/202/Verilog/lab1/DE2i_run.v Line: 12
Warning (10230): Verilog HDL assignment warning at clock_div.v(23): truncated value with size 32 to match size of target (31) File: D:/Quang/202/Verilog/lab1/clock_div.v Line: 23
Info (12128): Elaborating entity "bound_flasher" for hierarchy "bound_flasher:comb_5" File: D:/Quang/202/Verilog/lab1/DE2i_run.v Line: 13
Info (12128): Elaborating entity "processor" for hierarchy "bound_flasher:comb_5|processor:p0" File: D:/Quang/202/Verilog/lab1/bound_flasher.v Line: 11
Warning (10036): Verilog HDL or VHDL warning at processor.v(10): object "pre_min" assigned a value but never read File: D:/Quang/202/Verilog/lab1/processor.v Line: 10
Warning (10235): Verilog HDL Always Construct warning at processor.v(85): variable "pre_state" is read inside the Always Construct but isn't in the Always Construct's Event Control File: D:/Quang/202/Verilog/lab1/processor.v Line: 85
Warning (10235): Verilog HDL Always Construct warning at processor.v(92): variable "increase" is read inside the Always Construct but isn't in the Always Construct's Event Control File: D:/Quang/202/Verilog/lab1/processor.v Line: 92
Warning (10235): Verilog HDL Always Construct warning at processor.v(97): variable "max" is read inside the Always Construct but isn't in the Always Construct's Event Control File: D:/Quang/202/Verilog/lab1/processor.v Line: 97
Warning (10235): Verilog HDL Always Construct warning at processor.v(109): variable "min" is read inside the Always Construct but isn't in the Always Construct's Event Control File: D:/Quang/202/Verilog/lab1/processor.v Line: 109
Warning (10235): Verilog HDL Always Construct warning at processor.v(111): variable "state" is read inside the Always Construct but isn't in the Always Construct's Event Control File: D:/Quang/202/Verilog/lab1/processor.v Line: 111
Warning (10235): Verilog HDL Always Construct warning at processor.v(131): variable "increase" is read inside the Always Construct but isn't in the Always Construct's Event Control File: D:/Quang/202/Verilog/lab1/processor.v Line: 131
Warning (10235): Verilog HDL Always Construct warning at processor.v(133): variable "max" is read inside the Always Construct but isn't in the Always Construct's Event Control File: D:/Quang/202/Verilog/lab1/processor.v Line: 133
Warning (10235): Verilog HDL Always Construct warning at processor.v(140): variable "increase" is read inside the Always Construct but isn't in the Always Construct's Event Control File: D:/Quang/202/Verilog/lab1/processor.v Line: 140
Warning (10235): Verilog HDL Always Construct warning at processor.v(145): variable "min" is read inside the Always Construct but isn't in the Always Construct's Event Control File: D:/Quang/202/Verilog/lab1/processor.v Line: 145
Warning (10235): Verilog HDL Always Construct warning at processor.v(147): variable "state" is read inside the Always Construct but isn't in the Always Construct's Event Control File: D:/Quang/202/Verilog/lab1/processor.v Line: 147
Warning (10235): Verilog HDL Always Construct warning at processor.v(161): variable "increase" is read inside the Always Construct but isn't in the Always Construct's Event Control File: D:/Quang/202/Verilog/lab1/processor.v Line: 161
Warning (10240): Verilog HDL Always Construct warning at processor.v(78): inferring latch(es) for variable "isEnd", which holds its previous value in one or more paths through the always construct File: D:/Quang/202/Verilog/lab1/processor.v Line: 78
Warning (10240): Verilog HDL Always Construct warning at processor.v(78): inferring latch(es) for variable "next_state", which holds its previous value in one or more paths through the always construct File: D:/Quang/202/Verilog/lab1/processor.v Line: 78
Warning (10240): Verilog HDL Always Construct warning at processor.v(78): inferring latch(es) for variable "isFlick", which holds its previous value in one or more paths through the always construct File: D:/Quang/202/Verilog/lab1/processor.v Line: 78
Warning (10240): Verilog HDL Always Construct warning at processor.v(78): inferring latch(es) for variable "increase", which holds its previous value in one or more paths through the always construct File: D:/Quang/202/Verilog/lab1/processor.v Line: 78
Warning (10235): Verilog HDL Always Construct warning at processor.v(169): variable "state" is read inside the Always Construct but isn't in the Always Construct's Event Control File: D:/Quang/202/Verilog/lab1/processor.v Line: 169
Info (10041): Inferred latch for "increase" at processor.v(131) File: D:/Quang/202/Verilog/lab1/processor.v Line: 131
Info (10041): Inferred latch for "next_state.10" at processor.v(131) File: D:/Quang/202/Verilog/lab1/processor.v Line: 131
Info (10041): Inferred latch for "next_state.01" at processor.v(131) File: D:/Quang/202/Verilog/lab1/processor.v Line: 131
Info (10041): Inferred latch for "next_state.00" at processor.v(131) File: D:/Quang/202/Verilog/lab1/processor.v Line: 131
Info (10041): Inferred latch for "isEnd" at processor.v(131) File: D:/Quang/202/Verilog/lab1/processor.v Line: 131
Info (12128): Elaborating entity "shifter" for hierarchy "bound_flasher:comb_5|shifter:s0" File: D:/Quang/202/Verilog/lab1/bound_flasher.v Line: 12
Warning (10230): Verilog HDL assignment warning at shifter.v(17): truncated value with size 32 to match size of target (5) File: D:/Quang/202/Verilog/lab1/shifter.v Line: 17
Warning (10230): Verilog HDL assignment warning at shifter.v(22): truncated value with size 32 to match size of target (5) File: D:/Quang/202/Verilog/lab1/shifter.v Line: 22
Warning (12241): 1 hierarchies have connectivity warnings - see the Connectivity Checks report folder
Warning (13012): Latch bound_flasher:comb_5|processor:p0|increase has unsafe behavior File: D:/Quang/202/Verilog/lab1/processor.v Line: 5
    Warning (13013): Ports D and ENA on the latch are fed by the same signal bound_flasher:comb_5|processor:p0|increase File: D:/Quang/202/Verilog/lab1/processor.v Line: 5
Warning (13012): Latch bound_flasher:comb_5|processor:p0|state.01 has unsafe behavior File: D:/Quang/202/Verilog/lab1/processor.v Line: 12
    Warning (13013): Ports D and ENA on the latch are fed by the same signal bound_flasher:comb_5|processor:p0|state.01 File: D:/Quang/202/Verilog/lab1/processor.v Line: 12
Warning (13012): Latch bound_flasher:comb_5|processor:p0|state.10 has unsafe behavior File: D:/Quang/202/Verilog/lab1/processor.v Line: 12
    Warning (13013): Ports D and ENA on the latch are fed by the same signal bound_flasher:comb_5|processor:p0|state.01 File: D:/Quang/202/Verilog/lab1/processor.v Line: 12
Warning (13012): Latch bound_flasher:comb_5|processor:p0|state.00 has unsafe behavior File: D:/Quang/202/Verilog/lab1/processor.v Line: 12
    Warning (13013): Ports D and ENA on the latch are fed by the same signal KEY[0] File: D:/Quang/202/Verilog/lab1/DE2i_run.v Line: 2
Warning (13012): Latch bound_flasher:comb_5|processor:p0|isEnd has unsafe behavior File: D:/Quang/202/Verilog/lab1/processor.v Line: 11
    Warning (13013): Ports D and ENA on the latch are fed by the same signal KEY[0] File: D:/Quang/202/Verilog/lab1/DE2i_run.v Line: 2
Info (13000): Registers with preset signals will power-up high File: D:/Quang/202/Verilog/lab1/processor.v Line: 5
Info (13003): DEV_CLRn pin will set, and not reset, register with preset signal due to NOT Gate Push-Back
Info (286030): Timing-Driven Synthesis is running
Critical Warning (18061): Ignored Power-Up Level option on the following registers
    Critical Warning (18010): Register bound_flasher:comb_5|processor:p0|enable will power up to High File: D:/Quang/202/Verilog/lab1/processor.v Line: 5
Info (144001): Generated suppressed messages file D:/Quang/202/Verilog/lab1/output_files/lab1.map.smsg
Info (16010): Generating hard_block partition "hard_block:auto_generated_inst"
    Info (16011): Adding 0 node(s), including 0 DDIO, 0 PLL, 0 transceiver and 0 LCELL
Warning (21074): Design contains 1 input pin(s) that do not drive logic
    Warning (15610): No output dependent on input pin "KEY[1]" File: D:/Quang/202/Verilog/lab1/DE2i_run.v Line: 2
Info (21057): Implemented 118 device resources after synthesis - the final resource count might be different
    Info (21058): Implemented 3 input pins
    Info (21059): Implemented 18 output pins
    Info (21061): Implemented 97 logic cells
Info: Quartus Prime Analysis & Synthesis was successful. 0 errors, 37 warnings
    Info: Peak virtual memory: 4849 megabytes
    Info: Processing ended: Wed May 05 09:19:57 2021
    Info: Elapsed time: 00:00:07
    Info: Total CPU time (on all processors): 00:00:16


+------------------------------------------+
; Analysis & Synthesis Suppressed Messages ;
+------------------------------------------+
The suppressed messages can be found in D:/Quang/202/Verilog/lab1/output_files/lab1.map.smsg.


